Search music API called with search term: despacito
Search music API called with search term: 
Search music API called with search term: 
Search music API called with search term: 
Search music API called with search term: 
Search music API called with search term: 
Search music API called with search term: 
Search music API called with search term: 
Search music API called with search term: 
Search music API called with search term: despacito
Search music API called with search term: 
Search music API called with search term: 
Search music API called with search term: 
Search music API called with search term: despacito
Search music API called with search term: 
Search music API called with search term: 
Search music API called with search term: despacito
Search music API called with search term: make you mine
Search music API called with search term: make you mine
Search music API called with search term: make you mine
Search music API called with search term: despacito
Search music API called with search term: despacito
Search music API called with search term: despacito
Search music API called with search term: make you mine
Search music API called with search term: make you mine
Search music API called with search term: despacito
Search music API called with search term: despacito
Search music API called with search term: despacito
Search music API called with search term: despacito
Search music API called with search term: make you mine
Search music API called with search term: despacito
Search music API called with search term: make you mine
Search music API called with search term: make you mine
Search music API called with search term: despacito
Search music API called with search term: siya ram
Search music API called with search term: siya ram
Search music API called with search term: man mera
Search music API called with search term: despacito
Search music API called with search term: make you mine
Search music API called with search term: despacito
